F:\code\NodeSyncOracleDB\config.js
F:\code\NodeSyncOracleDB\config.js.map
F:\code\NodeSyncOracleDB\demo\common.js
F:\code\NodeSyncOracleDB\demo\common.js.map
F:\code\NodeSyncOracleDB\util\DateTimeUtil.js
F:\code\NodeSyncOracleDB\util\DateTimeUtil.js.map
F:\code\NodeSyncOracleDB\util\fileLogger.js
F:\code\NodeSyncOracleDB\util\fileLogger.js.map
F:\code\NodeSyncOracleDB\util\AppLogger.js
F:\code\NodeSyncOracleDB\util\AppLogger.js.map
F:\code\NodeSyncOracleDB\util\httpUtil.js
F:\code\NodeSyncOracleDB\util\httpUtil.js.map
F:\code\NodeSyncOracleDB\util\mySqlhelp.js
F:\code\NodeSyncOracleDB\util\mySqlhelp.js.map
F:\code\NodeSyncOracleDB\util\oracledbHelper.js
F:\code\NodeSyncOracleDB\util\oracledbHelper.js.map
F:\code\NodeSyncOracleDB\server\handlerCheckData.js
F:\code\NodeSyncOracleDB\server\handlerCheckData.js.map
F:\code\NodeSyncOracleDB\server.js
F:\code\NodeSyncOracleDB\server.js.map
F:\code\NodeSyncOracleDB\server\sendVerify.js
F:\code\NodeSyncOracleDB\server\sendVerify.js.map
